[06avr.2026 17:42:20.952] [main/INFO] [cpw.mods.modlauncher.Launcher/MODLAUNCHER]: ModLauncher running: args [--launchTarget, forgeclientdev, --version, 21.1.171, --assetIndex, 17, --assetsDir, C:\\Users\\xdra1\\.gradle\\caches\\neoformruntime\\assets, --gameDir, ., --fml.fmlVersion, 4.0.39, --fml.mcVersion, 1.21.1, --fml.neoForgeVersion, 21.1.171, --fml.neoFormVersion, 20240808.144430]
[06avr.2026 17:42:20.955] [main/INFO] [cpw.mods.modlauncher.Launcher/MODLAUNCHER]: JVM identified as Eclipse Adoptium OpenJDK 64-Bit Server VM 21.0.5+11-LTS
[06avr.2026 17:42:20.956] [main/INFO] [cpw.mods.modlauncher.Launcher/MODLAUNCHER]: ModLauncher 11.0.4+main.d2e20e43 starting: java version 21.0.5 by Eclipse Adoptium; OS Windows 11 arch amd64 version 10.0
[06avr.2026 17:42:21.111] [main/INFO] [net.neoforged.fml.loading.ImmediateWindowHandler/]: Loading ImmediateWindowProvider fmlearlywindow
[06avr.2026 17:42:21.308] [main/INFO] [EARLYDISPLAY/]: Trying GL version 4.6
[06avr.2026 17:42:21.593] [main/INFO] [EARLYDISPLAY/]: Requested GL version 4.6 got version 4.6
[06avr.2026 17:42:21.673] [main/INFO] [mixin/]: SpongePowered MIXIN Subsystem Version=0.8.7 Source=union:/C:/Users/xdra1/.gradle/caches/modules-2/files-2.1/net.fabricmc/sponge-mixin/0.15.2+mixin.0.8.7/2af2f021d8e02a0220dc27a7a72b4666d66d44ca/sponge-mixin-0.15.2+mixin.0.8.7.jar%23138!/ Service=ModLauncher Env=CLIENT
[06avr.2026 17:42:21.893] [pool-2-thread-1/INFO] [EARLYDISPLAY/]: GL info: NVIDIA GeForce RTX 4070 Laptop GPU/PCIe/SSE2 GL version 4.6.0 NVIDIA 591.74, NVIDIA Corporation
[06avr.2026 17:42:21.989] [main/INFO] [net.neoforged.fml.loading.moddiscovery.locators.JarInJarDependencyLocator/]: Found 3 dependencies adding them to mods collection
[06avr.2026 17:42:21.990] [main/INFO] [net.neoforged.fml.loading.moddiscovery.ModDiscoverer/]: 
     Mod List:
		Name Version (Mod Id)

		Artifacts 13.2.1 (artifacts)
		BaguetteLib 2.0.3 (baguettelib)
		Curios API 9.5.1+1.21.1 (curios)
		ExpandAbility 12.0.0 (expandability)
		Gravestone Curios Compatibility 1.0.0 (gravestonecurioscompat)
		Gravestone Mod 1.21.1-1.0.35 (gravestone)
		Minecraft 1.21.1 (minecraft)
		NeoForge 21.1.171 (neoforge)
[06avr.2026 17:42:23.170] [main/INFO] [mixin/]: Compatibility level set to JAVA_21
[06avr.2026 17:42:23.183] [main/INFO] [cpw.mods.modlauncher.LaunchServiceHandler/MODLAUNCHER]: Launching target 'forgeclientdev' with arguments [--version, 21.1.171, --gameDir, ., --assetsDir, C:\Users\xdra1\.gradle\caches\neoformruntime\assets, --assetIndex, 17]
[06avr.2026 17:42:23.336] [main/WARN] [mixin/]: Reference map 'curios.refmap.json' for curios.neoforge.mixins.json could not be read. If this is a development environment you can ignore this message
[06avr.2026 17:42:23.337] [main/WARN] [mixin/]: Reference map 'curios.refmap.json' for curios.mixins.json could not be read. If this is a development environment you can ignore this message
[06avr.2026 17:42:25.234] [main/INFO] [MixinExtras|Service/]: Initializing MixinExtras via com.llamalad7.mixinextras.service.MixinExtrasServiceImpl(version=0.4.1).
[06avr.2026 17:42:26.690] [Datafixer Bootstrap/INFO] [com.mojang.datafixers.DataFixerBuilder/]: 229 Datafixer optimizations took 405 milliseconds
[06avr.2026 17:42:32.668] [main/WARN] [net.minecraft.commands.Commands/]: Ambiguity between arguments [teleport, location] and [teleport, destination] with inputs: [0.1 -0.5 .9, 0 0 0]
[06avr.2026 17:42:32.671] [main/WARN] [net.minecraft.commands.Commands/]: Ambiguity between arguments [teleport, location] and [teleport, targets] with inputs: [0.1 -0.5 .9, 0 0 0]
[06avr.2026 17:42:32.673] [main/WARN] [net.minecraft.commands.Commands/]: Ambiguity between arguments [teleport, destination] and [teleport, targets] with inputs: [Player, 0123, @e, dd12be42-52a9-4a91-a8a1-11c01849e498]
[06avr.2026 17:42:32.675] [main/WARN] [net.minecraft.commands.Commands/]: Ambiguity between arguments [teleport, targets] and [teleport, destination] with inputs: [Player, 0123, dd12be42-52a9-4a91-a8a1-11c01849e498]
[06avr.2026 17:42:32.676] [main/WARN] [net.minecraft.commands.Commands/]: Ambiguity between arguments [teleport, targets, location] and [teleport, targets, destination] with inputs: [0.1 -0.5 .9, 0 0 0]
[06avr.2026 17:42:32.826] [Render thread/WARN] [net.minecraft.server.packs.VanillaPackResourcesBuilder/]: Assets URL 'union:/C:/Users/xdra1/IdeaProjects/curioscompats/modules/gravestone-curios/versions/1.21.1/build/moddev/artifacts/neoforge-21.1.171.jar%23189!/assets/.mcassetsroot' uses unexpected schema
[06avr.2026 17:42:32.826] [Render thread/WARN] [net.minecraft.server.packs.VanillaPackResourcesBuilder/]: Assets URL 'union:/C:/Users/xdra1/IdeaProjects/curioscompats/modules/gravestone-curios/versions/1.21.1/build/moddev/artifacts/neoforge-21.1.171.jar%23189!/data/.mcassetsroot' uses unexpected schema
[06avr.2026 17:42:32.879] [Render thread/INFO] [com.mojang.authlib.yggdrasil.YggdrasilAuthenticationService/]: Environment: Environment[sessionHost=https://sessionserver.mojang.com, servicesHost=https://api.minecraftservices.com, name=PROD]
[06avr.2026 17:42:32.885] [Render thread/INFO] [net.minecraft.client.Minecraft/]: Setting user: Dev
[06avr.2026 17:42:33.003] [Render thread/INFO] [net.minecraft.client.Minecraft/]: Backend library: LWJGL version 3.3.3+5
[06avr.2026 17:42:33.347] [modloading-worker-0/INFO] [be.florens.expandability.ExpandAbility/]: ExpandAbility here, who dis?
[06avr.2026 17:42:33.448] [modloading-worker-0/INFO] [com.leclowndu93150.corpsecurioscompat.Main/]: Hello from Gravestone Curios Compat!
[06avr.2026 17:42:33.477] [modloading-worker-0/INFO] [net.neoforged.neoforge.common.NeoForgeMod/NEOFORGE-MOD]: NeoForge mod loading, version 21.1.171, for MC 1.21.1
[06avr.2026 17:42:35.092] [Render thread/INFO] [net.neoforged.neoforge.gametest.GameTestHooks/]: Enabled Gametest Namespaces: [gravestonecurioscompat]
[06avr.2026 17:42:35.347] [Render thread/INFO] [net.minecraft.server.packs.resources.ReloadableResourceManager/]: Reloading ResourceManager: vanilla, mod_resources, mod/baguettelib, mod/gravestonecurioscompat, mod/curios, mod/expandability, mod/gravestone, mod/neoforge, mod/artifacts
[06avr.2026 17:42:35.515] [NeoForge Version Check/INFO] [net.neoforged.fml.VersionChecker/]: [gravestone] Starting version check at https://update.maxhenkel.de/neoforge/gravestone
[06avr.2026 17:42:35.559] [Worker-Main-3/INFO] [net.minecraft.client.gui.font.providers.UnihexProvider/]: Found unifont_all_no_pua-15.1.05.hex, loading
[06avr.2026 17:42:35.559] [Worker-Main-28/INFO] [net.minecraft.client.gui.font.providers.UnihexProvider/]: Found unifont_jp_patch-15.1.05.hex, loading
[06avr.2026 17:42:36.179] [NeoForge Version Check/INFO] [net.neoforged.fml.VersionChecker/]: [gravestone] Found status: BETA Current: 1.21.1-1.0.35 Target: 1.21.1-1.0.35
[06avr.2026 17:42:37.265] [Render thread/WARN] [net.minecraft.client.sounds.SoundEngine/]: Missing sound for event: minecraft:item.goat_horn.play
[06avr.2026 17:42:37.265] [Render thread/WARN] [net.minecraft.client.sounds.SoundEngine/]: Missing sound for event: minecraft:entity.goat.screaming.horn_break
[06avr.2026 17:42:37.311] [Render thread/INFO] [com.mojang.blaze3d.audio.Library/]: OpenAL initialized on device OpenAL Soft on Casque (HyperX Cloud III)
[06avr.2026 17:42:37.312] [Render thread/INFO] [net.minecraft.client.sounds.SoundEngine/SOUNDS]: Sound engine started
[06avr.2026 17:42:37.450] [Render thread/INFO] [net.minecraft.client.renderer.texture.TextureAtlas/]: Created: 1024x512x4 minecraft:textures/atlas/blocks.png-atlas
[06avr.2026 17:42:37.457] [Render thread/INFO] [net.minecraft.client.renderer.texture.TextureAtlas/]: Created: 256x256x4 minecraft:textures/atlas/signs.png-atlas
[06avr.2026 17:42:37.458] [Render thread/INFO] [net.minecraft.client.renderer.texture.TextureAtlas/]: Created: 512x512x4 minecraft:textures/atlas/shield_patterns.png-atlas
[06avr.2026 17:42:37.460] [Render thread/INFO] [net.minecraft.client.renderer.texture.TextureAtlas/]: Created: 512x512x4 minecraft:textures/atlas/banner_patterns.png-atlas
[06avr.2026 17:42:37.460] [Render thread/INFO] [net.minecraft.client.renderer.texture.TextureAtlas/]: Created: 1024x1024x4 minecraft:textures/atlas/armor_trims.png-atlas
[06avr.2026 17:42:37.463] [Render thread/INFO] [net.minecraft.client.renderer.texture.TextureAtlas/]: Created: 256x256x4 minecraft:textures/atlas/chest.png-atlas
[06avr.2026 17:42:37.463] [Render thread/INFO] [net.minecraft.client.renderer.texture.TextureAtlas/]: Created: 128x64x4 minecraft:textures/atlas/decorated_pot.png-atlas
[06avr.2026 17:42:37.463] [Render thread/INFO] [net.minecraft.client.renderer.texture.TextureAtlas/]: Created: 512x256x4 minecraft:textures/atlas/shulker_boxes.png-atlas
[06avr.2026 17:42:37.465] [Render thread/INFO] [net.minecraft.client.renderer.texture.TextureAtlas/]: Created: 512x256x4 minecraft:textures/atlas/beds.png-atlas
[06avr.2026 17:42:37.587] [Render thread/INFO] [net.minecraft.client.renderer.texture.TextureAtlas/]: Created: 512x256x0 minecraft:textures/atlas/particles.png-atlas
[06avr.2026 17:42:37.590] [Render thread/INFO] [net.minecraft.client.renderer.texture.TextureAtlas/]: Created: 512x256x0 minecraft:textures/atlas/paintings.png-atlas
[06avr.2026 17:42:37.590] [Render thread/INFO] [net.minecraft.client.renderer.texture.TextureAtlas/]: Created: 256x128x0 minecraft:textures/atlas/mob_effects.png-atlas
[06avr.2026 17:42:37.590] [Render thread/INFO] [net.minecraft.client.renderer.texture.TextureAtlas/]: Created: 64x64x0 minecraft:textures/atlas/map_decorations.png-atlas
[06avr.2026 17:42:37.590] [Render thread/INFO] [net.minecraft.client.renderer.texture.TextureAtlas/]: Created: 1024x512x0 minecraft:textures/atlas/gui.png-atlas
[06avr.2026 17:42:37.612] [Render thread/WARN] [net.minecraft.client.renderer.ShaderInstance/]: Shader rendertype_entity_translucent_emissive could not find sampler named Sampler2 in the specified shader program.
[06avr.2026 17:42:37.682] [Render thread/INFO] [net.neoforged.neoforge.client.entity.animation.json.AnimationLoader/]: Loaded 0 entity animations
[06avr.2026 17:45:26.326] [Render thread/INFO] [net.minecraft.world.item.crafting.RecipeManager/]: Loaded 1294 recipes
[06avr.2026 17:45:26.469] [Render thread/INFO] [net.minecraft.advancements.AdvancementTree/]: Loaded 1402 advancements
[06avr.2026 17:45:26.475] [Render thread/INFO] [Curios API/]: Loaded 11 curio slots
[06avr.2026 17:45:26.477] [Render thread/INFO] [Curios API/]: Loaded 11 curio entities
[06avr.2026 17:45:26.795] [Server thread/INFO] [net.minecraft.client.server.IntegratedServer/]: Starting integrated minecraft server version 1.21.1
[06avr.2026 17:45:26.795] [Server thread/INFO] [net.minecraft.server.MinecraftServer/]: Generating keypair
[06avr.2026 17:45:27.497] [Server thread/INFO] [net.minecraft.server.MinecraftServer/]: Preparing start region for dimension minecraft:overworld
[06avr.2026 17:45:27.768] [progressListener/INFO] [net.minecraft.server.level.progress.LoggerChunkProgressListener/]: Preparing spawn area: 0%
[06avr.2026 17:45:27.923] [Server thread/INFO] [net.neoforged.neoforge.server.permission.PermissionAPI/]: Successfully initialized permission handler neoforge:default_handler
[06avr.2026 17:45:27.926] [progressListener/INFO] [net.minecraft.server.level.progress.LoggerChunkProgressListener/]: Time elapsed: 421 ms
[06avr.2026 17:45:28.017] [Server thread/INFO] [net.minecraft.client.server.IntegratedServer/]: Changing view distance to 12, from 10
[06avr.2026 17:45:28.017] [Server thread/INFO] [net.minecraft.client.server.IntegratedServer/]: Changing simulation distance to 12, from 0
[06avr.2026 17:45:28.905] [Server thread/INFO] [net.minecraft.server.players.PlayerList/]: Dev[local:E:c10cc5fc] logged in with entity id 87 at (273.72621916795003, 70.0, 84.44453892732739)
[06avr.2026 17:45:28.990] [Server thread/INFO] [net.minecraft.server.MinecraftServer/]: Dev joined the game
[06avr.2026 17:45:29.036] [Server thread/INFO] [artifacts.Artifacts/]: Sending item configs to client
[06avr.2026 17:45:29.188] [Render thread/INFO] [net.minecraft.advancements.AdvancementTree/]: Loaded 2 advancements
[06avr.2026 17:45:29.958] [Server thread/INFO] [net.minecraft.client.server.IntegratedServer/]: Saving and pausing game...
[06avr.2026 17:45:30.003] [Server thread/INFO] [net.minecraft.server.MinecraftServer/]: Saving chunks for level 'ServerLevel[New World]'/minecraft:overworld
[06avr.2026 17:45:30.036] [Server thread/INFO] [net.minecraft.server.MinecraftServer/]: Saving chunks for level 'ServerLevel[New World]'/minecraft:the_end
[06avr.2026 17:45:30.036] [Server thread/INFO] [net.minecraft.server.MinecraftServer/]: Saving chunks for level 'ServerLevel[New World]'/minecraft:the_nether
[06avr.2026 17:45:38.748] [Server thread/INFO] [net.minecraft.server.MinecraftServer/]: Dev has made the advancement [Amateur Archaeologist]
[06avr.2026 17:45:38.802] [Render thread/INFO] [net.minecraft.client.gui.components.ChatComponent/]: [System] [CHAT] Dev has made the advancement [Amateur Archaeologist]
[06avr.2026 17:45:38.814] [Render thread/INFO] [net.minecraft.advancements.AdvancementTree/]: Loaded 5 advancements
[06avr.2026 17:45:48.504] [Server thread/INFO] [net.minecraft.server.MinecraftServer/]: Dev was killed
[06avr.2026 17:45:48.509] [Server thread/INFO] [gravestone/]: The death ID of player Dev is d274525d-75e8-430f-af99-f5d5afe46698
[06avr.2026 17:45:48.510] [Render thread/INFO] [net.minecraft.client.gui.components.ChatComponent/]: [System] [CHAT] Dev was killed
[06avr.2026 17:45:48.517] [Server thread/INFO] [net.minecraft.server.MinecraftServer/]: [Dev: Killed Dev]
[06avr.2026 17:45:48.523] [Render thread/INFO] [net.minecraft.client.gui.components.ChatComponent/]: [System] [CHAT] Killed Dev
[06avr.2026 17:45:57.527] [Server thread/INFO] [net.minecraft.client.server.IntegratedServer/]: Saving and pausing game...
[06avr.2026 17:45:57.535] [Server thread/INFO] [net.minecraft.server.MinecraftServer/]: Saving chunks for level 'ServerLevel[New World]'/minecraft:overworld
[06avr.2026 17:45:57.543] [Server thread/INFO] [net.minecraft.server.MinecraftServer/]: Saving chunks for level 'ServerLevel[New World]'/minecraft:the_end
[06avr.2026 17:45:57.543] [Server thread/INFO] [net.minecraft.server.MinecraftServer/]: Saving chunks for level 'ServerLevel[New World]'/minecraft:the_nether
[06avr.2026 17:45:57.883] [Server thread/INFO] [net.minecraft.server.network.ServerGamePacketListenerImpl/]: Dev lost connection: Disconnected
[06avr.2026 17:45:57.883] [Server thread/INFO] [net.minecraft.server.MinecraftServer/]: Dev left the game
[06avr.2026 17:45:57.892] [Server thread/INFO] [net.minecraft.server.network.ServerCommonPacketListenerImpl/]: Stopping singleplayer server as player logged out
[06avr.2026 17:45:57.927] [Server thread/INFO] [net.minecraft.server.MinecraftServer/]: Stopping server
[06avr.2026 17:45:57.927] [Server thread/INFO] [net.minecraft.server.MinecraftServer/]: Saving players
[06avr.2026 17:45:57.927] [Server thread/INFO] [net.minecraft.server.MinecraftServer/]: Saving worlds
[06avr.2026 17:45:58.683] [Server thread/INFO] [net.minecraft.server.MinecraftServer/]: Saving chunks for level 'ServerLevel[New World]'/minecraft:overworld
[06avr.2026 17:45:58.754] [Server thread/INFO] [net.minecraft.server.MinecraftServer/]: Saving chunks for level 'ServerLevel[New World]'/minecraft:the_end
[06avr.2026 17:45:58.756] [Server thread/INFO] [net.minecraft.server.MinecraftServer/]: Saving chunks for level 'ServerLevel[New World]'/minecraft:the_nether
[06avr.2026 17:45:58.763] [Server thread/INFO] [net.minecraft.server.MinecraftServer/]: ThreadedAnvilChunkStorage (New World): All chunks are saved
[06avr.2026 17:45:58.763] [Server thread/INFO] [net.minecraft.server.MinecraftServer/]: ThreadedAnvilChunkStorage (DIM1): All chunks are saved
[06avr.2026 17:45:58.763] [Server thread/INFO] [net.minecraft.server.MinecraftServer/]: ThreadedAnvilChunkStorage (DIM-1): All chunks are saved
[06avr.2026 17:45:58.765] [Server thread/INFO] [net.minecraft.server.MinecraftServer/]: ThreadedAnvilChunkStorage: All dimensions are saved
[06avr.2026 17:45:59.208] [Render thread/INFO] [net.minecraft.client.Minecraft/]: Stopping!
